         w __deregister_frame_info
         w __register_frame_info
         w _ITM_deregisterTMCloneTable
         w _ITM_registerTMCloneTable
00000000 b .LANCHOR1
00000000 00000401 b __fixedpath
00000000 b _TLS_MODULE_BASE_
00000000 a shift
00000000 a shift
00000404 b .LANCHOR3
00000404 00000802 b __utf16path
00000c08 b .LANCHOR5
00000c08 00000802 b __utf16path_old.8583
00100000 A __start__
00100000 T _start
00100008 T __service_ptr
0010000c T __apt_appid
00100010 T __heap_size
00100014 T __linear_heap_size
00100018 T __system_arglist
0010001c T __system_runflags
00100020 t startup
00100058 t ClearMem
0010006c t ClrLoop
00100094 T _init
001000ac T initSystem
001000f0 T __ctru_exit
00100110 T __aeabi_idiv
00100110 00000220 T __divsi3
00100118 t .divsi3_skip_div0_test
00100330 00000020 T __aeabi_idivmod
00100350 00000004 W __aeabi_idiv0
00100350 00000004 W __aeabi_ldiv0
00100354 T __aeabi_uldivmod
001003a8 00000390 T strcmp
00100730 t .udivsi3_skip_div0_test
00100730 T __aeabi_uidiv
00100730 000001ec T __udivsi3
0010091c 00000020 T __aeabi_uidivmod
0010093c T __aeabi_drsub
00100944 000002b0 T __aeabi_dsub
00100944 000002b0 T __subdf3
00100948 000002ac T __adddf3
00100948 000002ac T __aeabi_dadd
00100bf4 00000024 T __aeabi_ui2d
00100bf4 00000024 T __floatunsidf
00100c18 00000028 T __aeabi_i2d
00100c18 00000028 T __floatsidf
00100c40 00000048 T __aeabi_f2d
00100c40 00000048 T __extendsfdf2
00100c88 00000074 T __aeabi_ul2d
00100c88 00000074 T __floatundidf
00100c9c 00000060 T __aeabi_l2d
00100c9c 00000060 T __floatdidf
00100cfc t deregister_tm_clones
00100d28 t register_tm_clones
00100d60 t __do_global_dtors_aux
00100da4 t frame_dummy
00100dd8 0000006c T main
00100e44 000001b8 T consoleDrawChar
00100ffc 00000124 T consolePrintChar
00101120 0000015c t consoleCls
0010127c 00000104 T consoleInit
00101380 0000010c t consoleClearLine
0010148c 000000c4 t newRow
00101550 000007cc T con_write
00101d1c 0000008c t gfxSetFramebufferInfo.part.0
00101da8 0000006c t gfxSetFramebufferInfo
00101e14 00000058 t gfxGetFramebuffer.part.0
00101e6c 00000018 T __get_bytes_per_pixel
00101e84 00000184 T gfxSetScreenFormat
00102008 00000010 T gfxSetDoubleBuffering
00102018 00000214 T gfxInit
0010222c 00000010 T gfxInitDefault
0010223c 000000e0 T gfxExit
0010231c 00000064 T gfxGetFramebuffer
00102380 000000cc T gfxFlushBuffers
0010244c 000000f4 T gfxConfigScreen
00102540 00000020 T gfxSwapBuffers
00102560 00000020 T gfxSwapBuffersGpu
00102580 00000074 T gspInit
001025f4 0000003c T gspExit
00102630 000000a4 T gspInitEventHandler
001026d4 00000040 T gspExitEventHandler
00102714 00000050 T gspWaitForEvent
00102764 00000004 W gxCmdQueueInterrupt
00102768 00000178 t gspEventThreadMain
001028e0 0000006c T GSPGPU_SetBufferSwap
0010294c 0000004c T GSPGPU_FlushDataCache
00102998 00000034 T GSPGPU_SetLcdForceBlack
001029cc 00000064 T GSPGPU_RegisterInterruptRelayQueue
00102a30 0000002c T GSPGPU_UnregisterInterruptRelayQueue
00102a5c 00000048 T GSPGPU_AcquireRight
00102aa4 0000002c T GSPGPU_ReleaseRight
00102ad0 00000080 T GSPGPU_ImportDisplayCaptureInfo
00102b50 0000002c T GSPGPU_SaveVramSysArea
00102b7c 0000002c T GSPGPU_RestoreVramSysArea
00102ba8 00000004 W _aptDebug
00102bac 00000170 T aptSendCommand
00102d1c 0000003c t aptExitProcess
00102d58 00000050 T APT_InquireNotification
00102da8 00000194 t aptEventHandler
00102f3c 00000074 T APT_AppletUtility
00102fb0 000000b0 T aptSetSleepAllowed
00103060 000000b4 T APT_GlanceParameter
00103114 000000c8 T APT_ReceiveParameter
001031dc 000000bc t aptReceiveParameter.constprop.0
00103298 000001e0 t aptScreenTransfer
00103478 00000210 t aptWaitForWakeUp
00103688 00000070 T APT_CancelParameter
001036f8 0000025c T aptInit
00103954 00000088 t aptClearParamQueue
001039dc 00000264 T aptMainLoop
00103c40 00000254 T aptExit
00103e94 0000007c T APT_CheckNew3DS
00103f10 00000028 t hidCheckSectionUpdateTime.part.0
00103f38 000000d0 T hidExit
00104008 000001d8 T hidScanInput
001041e0 00000010 T hidKeysDown
001041f0 00000090 T HIDUSER_GetHandles
00104280 000001a4 T hidInit
00104424 00000038 W __libctru_init
0010445c 00000034 t __libctru_nanosleep
00104490 00000030 t __ctru_get_reent
001044c0 000000fc T __system_initSyscalls
001045bc 00000100 W __system_allocateHeaps
001046bc 000000f0 T __system_initArgv
001047ac T svcControlMemory
001047cc T svcExitProcess
001047d4 T svcCreateThread
001047f4 T svcExitThread
001047fc T svcSleepThread
00104804 T svcReleaseMutex
0010480c T svcCreateEvent
00104820 T svcSignalEvent
00104828 T svcClearEvent
00104830 T svcMapMemoryBlock
00104838 T svcUnmapMemoryBlock
00104840 T svcCreateAddressArbiter
00104854 T svcArbitrateAddress
0010486c T svcCloseHandle
00104874 T svcWaitSynchronization
0010487c T svcWaitSynchronizationN
001048a4 T svcDuplicateHandle
001048b8 T svcGetSystemTick
001048c0 T svcGetSystemInfo
001048d8 T svcConnectToPort
001048ec T svcSendSyncRequest
001048f4 T svcBreak
001048fc 00000024 t addrMapNodeComparator(rbtree_node const*, rbtree_node const*)
00104920 00000004 t addrMapNodeDestructor(rbtree_node*)
00104924 00000114 T vramMemAlign
00104a38 00000008 T vramAlloc
00104a40 00000054 T vramFree
00104a94 00000024 t addrMapNodeComparator(rbtree_node const*, rbtree_node const*)
00104ab8 00000004 t addrMapNodeDestructor(rbtree_node*)
00104abc 000000e8 T mappableAlloc
00104ba4 00000054 T mappableFree
00104bf8 00000024 t addrMapNodeComparator(rbtree_node const*, rbtree_node const*)
00104c1c 00000004 t addrMapNodeDestructor(rbtree_node*)
00104c20 00000124 T linearMemAlign
00104d44 00000008 T linearAlloc
00104d4c 00000054 T linearFree
00104da0 0000008c T MemPool::CoalesceRight(MemBlock*)
00104e2c 00000174 T MemPool::Allocate(MemChunk&, unsigned long, int)
00104fa0 000000fc T MemPool::Deallocate(MemChunk const&)
0010509c 00000038 t LightLock_Unlock.part.0
001050d4 0000000c T __sync_init
001050e0 00000018 T __sync_fini
001050f8 00000010 T __sync_get_arbiter
00105108 00000018 T LightLock_Init
00105120 00000090 T LightLock_Lock
001051b0 00000034 T LightLock_TryLock
001051e4 00000020 T LightLock_Unlock
00105204 00000024 T RecursiveLock_Init
00105228 00000030 T RecursiveLock_Lock
00105258 00000058 T RecursiveLock_TryLock
001052b0 00000038 T RecursiveLock_Unlock
001052e8 00000038 T LightEvent_Init
00105320 0000007c T LightEvent_Clear
0010539c 000000dc T LightEvent_Signal
00105478 000000c0 T LightEvent_Wait
00105538 00000058 t getSysTime
00105590 00000028 t __ctru_speedup_config.part.0
001055b8 00000024 T osGetMemRegionUsed
001055e0 00000128 T __libctru_gtod
00105708 00000018 T __ctru_speedup_config
00105720 00000058 T srvExit
00105778 00000038 T srvRegisterClient
001057b0 000000cc T srvInit
0010587c 00000080 T srvGetServiceHandleDirect
001058fc 00000048 T srvGetServiceHandle
00105944 0000001c t threadFree.part.0
00105960 00000180 T threadCreate
00105ae0 00000024 T threadJoin
00105b04 00000068 T threadExit
00105b6c 00000048 t _thread_begin
00105bb4 000000ac T irrstScanInput
00105c60 00000024 T irrstKeysHeld
00105c84 00000050 T IRRST_GetHandles
00105cd4 00000154 T irrstInit
00105e28 0000002c T IRRST_Shutdown
00105e54 000000ac T irrstExit
00105f00 0000000c T srvPmGetSessionHandle
00105f0c 00000074 T ptmSysmInit
00105f80 0000003c T ptmSysmExit
00105fbc 00000034 T PTMSYSM_ConfigureNew3DSCPU
00105ff0 00000014 T rbtree_init
00106004 000001a4 t do_insert
001061a8 00000008 T rbtree_insert
001061b0 00000090 T rbtree_rotate
00106240 00000334 T rbtree_remove
00106574 00000074 T rbtree_find
001065e8 0000001c W __appInit
00106604 0000001c W __appExit
00106620 000000a0 W __libctru_exit
001066c0 00000084 T envGetHandle
00106744 0000004c T envDestroyHandles
00106790 00000014 t sdmc_link
001067a4 00000014 t sdmc_dirreset
001067b8 00000014 t sdmc_chmod
001067cc 00000024 t error_cmp
001067f0 00000050 t sdmc_translate_error
00106840 00000034 t sdmc_fsync
00106874 00000054 t sdmc_ftruncate
001068c8 000000bc t sdmc_statvfs
00106984 00000038 t sdmc_dirclose
001069bc 0000013c t sdmc_dirnext
00106af8 00000034 t sdmc_close
00106b2c 00000070 t sdmc_fstat
00106b9c 000000d4 t sdmc_seek
00106c70 00000078 t sdmc_read
00106ce8 000000ac t sdmc_write
00106d94 000001b0 t sdmc_utf16path
00106f44 00000074 t sdmc_rmdir
00106fb8 000000a4 t sdmc_diropen
0010705c 000000ac t sdmc_chdir
00107108 00000098 t sdmc_mkdir
001071a0 00000108 t sdmc_rename
001072a8 00000074 t sdmc_unlink
0010731c 00000108 t sdmc_stat
00107424 00000198 t sdmc_open
001075bc 00000014 t sdmc_fchmod
001075d0 00000168 T sdmcInit
00107738 00000060 T sdmcExit
00107798 00000028 t fsSessionForArchive.part.0
001077c0 000000c4 T fsInit
00107884 0000003c T fsExit
001078c0 00000064 T fsExemptFromSession
00107924 0000005c T fsUnexemptFromSession
00107980 000000bc T FSUSER_OpenFile
00107a3c 000000ac T FSUSER_DeleteFile
00107ae8 000000e8 T FSUSER_RenameFile
00107bd0 000000ac T FSUSER_DeleteDirectory
00107c7c 000000c4 T FSUSER_CreateFile
00107d40 000000b4 T FSUSER_CreateDirectory
00107df4 000000e8 T FSUSER_RenameDirectory
00107edc 000000a0 T FSUSER_OpenDirectory
00107f7c 00000098 T FSUSER_OpenArchive
00108014 00000078 T FSUSER_CloseArchive
0010808c 00000078 T FSUSER_GetSdmcArchiveResource
00108104 00000064 T FSUSER_IsSdmcWritable
00108168 0000005c T FSFILE_Read
001081c4 00000064 T FSFILE_Write
00108228 00000038 T FSFILE_GetSize
00108260 00000028 T FSFILE_SetSize
00108288 0000003c T FSFILE_Close
001082c4 00000024 T FSFILE_Flush
001082e8 00000054 T FSDIR_Read
0010833c 0000003c T FSDIR_Close
00108378 00000050 T rbtree_node_next
001083c8 000000e8 T utf16_to_utf8
001084b0 00000060 T decode_utf16
00108510 00000138 T decode_utf8
00108648 000000c0 T utf8_to_utf16
00108708 T __aeabi_read_tp
00108714 00000068 T encode_utf16
0010877c 00000104 T encode_utf8
00108880 00000038 T __aeabi_d2lz
00108880 00000038 T __fixdfdi
001088b8 00000040 T __aeabi_d2ulz
001088b8 00000040 T __fixunsdfdi
001088f8 00000130 T __udivmoddi4
00108a28 0000007c T bsearch
00108aa4 00000034 T exit
00108ad8 0000003c T __libc_fini_array
00108b14 0000007c T __libc_init_array
00108b90 00000028 T memalign
00108bb8 0000014c T _memalign_r
00108d04 00000020 T malloc
00108d24 00000020 T free
00108d44 000007d0 T _malloc_r
00109514 000000e0 T memchr
001095f4 00000120 T memcpy
00109714 00000118 T memset
0010982c 0000000c T __malloc_lock
00109838 0000000c T __malloc_unlock
00109844 00000034 T printf
00109878 00000260 T setvbuf
00109ad8 00000074 T sscanf
00109b4c 0000003c T __sread
00109b88 00000008 T __seofread
00109b90 00000068 T __swrite
00109bf8 00000058 T __sseek
00109c50 00000008 T __sclose
00109c58 0000005c T strlen
00109cb4 00000098 T strncat
00109d4c 000000c0 T strncpy
00109e0c 00000048 T strnlen
00109e54 00000048 t get_arg
00109e9c 00002b84 T __ssvfscanf_r
0010ca20 00000034 T __sprint_r
0010ca54 00000650 t get_arg
0010d0a8 000038e0 T _vfprintf_r
00110988 000000d4 t __sbprintf
00110a5c 00000054 T _wcrtomb_r
00110ab0 00000020 T _wcsrtombs_r
00110ad0 00000150 T __swsetup_r
00110c20 00000118 T __call_exitprocs
00110d38 000001a8 t quorem
00110ee0 000012ac T _dtoa_r
0011218c 00000278 T __sflush_r
00112404 00000094 T _fflush_r
00112498 00000078 t std
00112510 0000000c T _cleanup_r
0011251c 0000008c T __sinit
001125a8 0000000c T __sfp_lock_acquire
001125b4 0000000c T __sfp_lock_release
001125c0 000000f8 T _malloc_trim_r
001126b8 000002e8 T _free_r
001129a0 000004a4 T __sfvwrite_r
00112e44 00000070 T _fwalk_reent
00112eb4 00000008 T iswspace
00112ebc 0000000c T _localeconv_r
00112ec8 00000010 T __locale_mb_cur_max
00112ed8 00000094 T __swhatbuf_r
00112f6c 000000f8 T __smakebuf_r
00113064 00000060 T _mbrtowc_r
001130c4 000002fc T __utf8_mbtowc
001133c0 00000154 T memmove
00113514 00000088 T _Balloc
0011359c 0000001c T _Bfree
001135b8 000000d0 T __multadd
00113688 000000ec T __s2b
00113774 00000058 T __hi0bits
001137cc 0000009c T __lo0bits
00113868 00000020 T __i2b
00113888 000001e0 T __multiply
00113a68 00000100 T __pow5mult
00113b68 00000114 T __lshift
00113c7c 00000058 T __mcmp
00113cd4 00000190 T __mdiff
00113e64 00000088 T __ulp
00113eec 000000d4 T __b2d
00113fc0 00000104 T __d2b
001140c4 00000084 T __ratio
00114148 0000006c T __copybits
001141b4 0000005c T __any_on
00114210 00000028 T realloc
00114238 000004bc T _realloc_r
001146f4 000000e8 T __sccl
001147dc 0000000c T nanf
001147e8 000000a8 T frexp
00114890 00000064 T sprintf
001148f4 000000b8 T stpncpy
001149ac 00000144 T strchr
00114af0 000000ec T strncmp
00114bdc 00000054 t sulp
00114c30 00001414 T _strtod_l
00116044 0000000c T _strtod_r
00116050 0000023c t _strtoll_l.isra.0
0011628c 00000004 T _strtoll_r
00116290 000001b4 t _strtol_l.isra.0
00116444 00000004 T _strtol_r
00116448 0000024c t _strtoull_l.isra.0
00116694 00000004 T _strtoull_r
00116698 000001c8 t _strtoul_l.isra.0
00116860 00000004 T _strtoul_r
00116864 00000188 T __ssprint_r
001169ec 000000e0 T _sungetc_r
00116acc 0000006c T __ssrefill_r
00116b38 000000c8 T _sfread_r
00116c00 00000650 t get_arg
00117250 00003814 T _svfprintf_r
0011aa64 000000a8 T __submore
0011ab0c 00000190 T _wcsnrtombs_l
0011ac9c 00000048 T _wcsnrtombs_r
0011ace4 000000f0 T __utf8_wctomb
0011add4 00000094 T _calloc_r
0011ae68 00000160 T _fclose_r
0011afc8 000000ec t rshift
0011b0b4 00000828 T __gethex
0011b8dc 00000060 T __match
0011b93c 0000028c T __hexnan
0011bbc8 0000003c T iswspace_l
0011bc04 000001e0 t __jp2uc
0011bde4 00000094 T _jp2uc_l
0011be78 00000010 T nan
0011be88 00000088 T category
0011bf10 00000008 t null_write
0011bf18 00000018 T setDefaultDevice
0011bf30 000000c8 T FindDevice
0011bff8 00000028 T RemoveDevice
0011c020 0000009c T AddDevice
0011c0bc 00000078 T _fstat_r
0011c134 00000008 T _isatty_r
0011c13c 00000084 T _lseek_r
0011c1c0 00000080 T _read_r
0011c240 00000078 T _sbrk_r
0011c2b8 00000080 T _write_r
0011c338 00000024 T _exit
0011c35c 000001bc T _concatenate_path
0011c518 0000015c T chdir
0011c674 00000008 T __flockfile
0011c67c 00000008 T __funlockfile
0011c684 00000018 T __libc_lock_acquire
0011c69c 00000018 T __libc_lock_release
0011c6b4 00000018 T __libc_lock_init_recursive
0011c6cc 00000018 T __libc_lock_acquire_recursive
0011c6e4 00000018 T __libc_lock_release_recursive
0011c6fc 00000018 T __libc_lock_close_recursive
0011c714 0000003c T __get_handle
0011c750 000000f8 T _close_r
0011c848 00000028 T __getreent
0011c870 00000044 T strrchr
0011c8b4 T _fini
0011d000 R default_font_bin
0011d800 R default_font_bin_end
0011d800 R default_font_bin_size
0011d8ac 00000030 r colorTable
0011d8dc 00000070 r dotab_stdout
0011d94c 00000014 r CSWTCH.62
0011d960 00000008 r framebufferInfoSt
0011d9d0 00000030 r error_table
0011da08 00000004 R _global_impure_ptr
0011da14 00000022 r basefix.8820
0011da74 00000010 r blanks.8791
0011da84 00000010 r zeroes.8792
0011da94 00000101 R _ctype_
0011dba8 r .LC2
0011dbf8 00000028 R __mprec_bigtens
0011dc20 000000c8 R __mprec_tens
0011dce8 0000000c r p05.7510
0011dd04 00000014 r fpi.7590
0011dd18 00000014 r fpinan.7626
0011dd30 00000028 r tinytens
0011dd58 0000006c R __action_table
0011ddc4 00000100 R __chclass
0011dec4 0000006c R __state_table
0011df30 00000010 r blanks.8776
0011df40 00000010 r zeroes.8777
0011df50 00000100 R __hexdig
0011e064 000000bc r a1
0011e120 000000bc r a2
0011e1dc 0000005b r a3
0011e238 00000070 r a6
0011e2a8 000000a2 r a7
0011e34c 00000040 r a8
0011e38c 0000172a r b02cf
0011fab8 00001a7c r d02f4
00121534 0000000c R _C_numeric_locale
00121540 0000309c r categories
001245e4 00000070 R dotab_stdnull
00124654 r 
00124654 R __exidx_end
00124654 R __exidx_start
00125000 W __stacksize__
00125004 00000004 D currentConsole
00125008 0000004c D defaultConsole
00125054 00000001 d firstConsoleInit.8429
00125055 00000001 d botFormat
00125058 00000008 d doubleBuf
00125060 00000001 d topFormat
00125064 00000004 d gspLastEvent
00125068 00000004 d aptFlags
0012506c 00000001 d aptHomeAllowed
00125070 00000004 V __ctru_linear_heap_size
00125074 00000401 d __cwd
00125478 00000070 d sdmc_devoptab
001254e8 00000004 D _impure_ptr
001254f0 00000460 d impure_data
00125950 00000408 D __malloc_av_
00125d58 00000004 D __malloc_sbrk_base
00125d5c 00000004 D __malloc_trim_threshold
00125d60 0000000c d __malloc_recursive_mutex
00125d6c 0000000c D __atexit_recursive_mutex
00125d78 0000000c d __sfp_recursive_mutex
00125d84 0000000c d __sinit_recursive_mutex
00125d90 0000016c D __global_locale
00125efc 00000002 d numempty
00125f00 00000004 d defaultDevice
00125f04 0000008c D devoptab_list
00125f90 00000400 d _current_working_directory
00126390 00000004 d __hndl_lock
00126394 0000000c d __stderr_handle
001263a0 0000000c d __stdin_handle
001263ac 0000000c d __stdout_handle
001263b8 00001000 d handles
001273b8 t __frame_dummy_init_array_entry
001273b8 T __init_array_start
001273b8 B __preinit_array_end
001273b8 B __preinit_array_start
001273b8 D __tdata_lma
001273b8 D __tdata_lma_end
001273b8 D __TMC_END__
001273b8 d __TMC_LIST__
001273bc t __do_global_dtors_aux_fini_array_entry
001273bc T __fini_array_start
001273bc T __init_array_end
001273c0 T __bss_start__
001273c0 T __fini_array_end
001273c0 b saved_stack
001273c8 b completed.10434
001273cc b object.10439
001273e4 00000002 b currentBuffer
001273e6 00000001 b enable3d
001273e8 00000004 b screenAlloc
001273ec 00000004 b screenFree
001273f0 00000004 b gspEvent
001273f4 0000001c b gspEventCb
00127410 0000001c b gspEventCbData
0012742c 00000007 b gspEventCbOneShot
00127434 0000001c b gspEventCounts
00127450 00000004 b gspEventData
00127454 00000004 b gspEventThread
00127458 00000038 b gspEvents
00127490 00000004 b gspRefCount
00127494 00000001 b gspRunEvents
00127495 00000001 b aptChainloadMediatype
00127498 00000008 b aptChainloadTid
001274a0 00000004 b aptEventHandlerThread
001274a4 0000000c b aptEvents
001274b0 0000000c b aptFirstHook
001274bc 00000001 b aptHomeButtonState
001274c0 00000004 b aptLockHandle
001274c4 00000004 b aptMessageFunc
001274c8 00000004 b aptMessageFuncData
001274cc 00001000 b aptParameters
001284cc 00000001 b aptRecentHomeButtonState
001284d0 00000004 b aptRefCount
001284d4 00000008 b aptSleepEvent
001284dc 00000001 b flagInit.8300
001284dd 00000001 b flagValue.8301
001284e0 00000004 b serviceName.7930
001284e4 00000006 b aVec
001284ec 00000004 b cPos
001284f0 00000006 b gRate
001284f8 00000004 b hidRefCount
001284fc 00000004 b kDown
00128500 00000004 b kHeld
00128504 00000004 b kOld
00128508 00000004 b kUp
0012850c 00000004 b tPos
00128510 00000004 V __ctru_heap_size
00128514 0000000c b sAddrMap
00128520 00000008 b sVramPool
00128528 00000008 b sMappablePool
00128530 0000000c b sAddrMap
0012853c 00000008 b sLinearPool
00128544 0000000c b sAddrMap
00128550 00000004 b arbiter
00128554 00000001 V __ctru_speedup
00128558 00000004 b srvHandle
0012855c 00000004 b srvRefCount
00128560 00000004 b csPos
00128564 00000004 b irrstRefCount
00128568 00000004 b kHeld
0012856c 00000004 b srvPmHandle
00128570 00000004 b ptmSysmHandle
00128574 00000004 b ptmSysmRefCount
00128578 00000008 b sdmcArchive
00128580 00000001 b sdmcInitialised
00128588 00000080 b fsExemptArchives
00128608 00000004 b fsuHandle
0012860c 00000004 b fsuRefCount
00128610 00000028 B __malloc_current_mallinfo
00128638 00000004 B __malloc_max_sbrked_mem
0012863c 00000004 B __malloc_max_total_mem
00128640 00000004 B __malloc_top_pad
00128644 00000004 b heap_start.7420
00128648 00000004 B fake_heap_end
0012864c 00000004 B fake_heap_start
00128650 00000400 b temp_cwd
00128a50 00000048 B __syscalls
00128a98 0000004c B currentCopy
00128ae4 00000008 B gfxBottomFramebuffers
00128aec 00000004 B gspSharedMemHandle
00128af0 0000001c B bottomFramebufferInfo
00128b0c 00000004 B gspEvent
00128b10 00000008 B gfxTopLeftFramebuffers
00128b18 00000008 B gfxTopRightFramebuffers
00128b20 0000001c B topFramebufferInfo
00128b3c 00000001 B gfxThreadID
00128b40 00000004 B gfxSharedMemory
00128b44 00000004 B gfxTopFramebufferMaxSize
00128b48 00000004 B gfxBottomFramebufferMaxSize
00128b4c 00000004 B gxCmdBuf
00128b50 00000004 B gspGpuHandle
00128b54 00000004 B hidMemHandle
00128b58 00000004 B hidHandle
00128b5c 00000004 B hidSharedMem
00128b60 00000014 B hidEvents
00128b74 00000004 B __system_retAddr
00128b78 00000004 B __ctru_linear_heap
00128b7c 00000004 B __ctru_heap
00128b80 00000004 B __system_argv
00128b84 00000004 B __system_argc
00128b88 00000004 B irrstHandle
00128b8c 00000004 B irrstEvent
00128b90 00000004 B irrstMemHandle
00128b94 00000004 B irrstSharedMem
00128b98 B __tls_start
00129fa4 B __bss_end__
00129fa4 A __end__
00129fa4 B __tls_end
