         w __deregister_frame_info
         w __register_frame_info
         w _ITM_deregisterTMCloneTable
         w _ITM_registerTMCloneTable
00000000 b .LANCHOR1
00000000 00000401 b __fixedpath
00000000 b _TLS_MODULE_BASE_
00000000 a shift
00000000 a shift
00000404 b .LANCHOR3
00000404 00000802 b __utf16path
00000c08 b .LANCHOR5
00000c08 00000802 b __utf16path_old.8583
00100000 A __start__
00100000 T _start
00100008 T __service_ptr
0010000c T __apt_appid
00100010 T __heap_size
00100014 T __linear_heap_size
00100018 T __system_arglist
0010001c T __system_runflags
00100020 t startup
00100058 t ClearMem
0010006c t ClrLoop
00100094 T _init
001000ac T initSystem
001000f0 T __ctru_exit
00100110 T __aeabi_idiv
00100110 00000220 T __divsi3
00100118 t .divsi3_skip_div0_test
00100330 00000020 T __aeabi_idivmod
00100350 00000004 W __aeabi_idiv0
00100350 00000004 W __aeabi_ldiv0
00100354 T __aeabi_uldivmod
001003a8 00000390 T strcmp
00100730 t .udivsi3_skip_div0_test
00100730 T __aeabi_uidiv
00100730 000001ec T __udivsi3
0010091c 00000020 T __aeabi_uidivmod
0010093c T __aeabi_drsub
00100944 000002b0 T __aeabi_dsub
00100944 000002b0 T __subdf3
00100948 000002ac T __adddf3
00100948 000002ac T __aeabi_dadd
00100bf4 00000024 T __aeabi_ui2d
00100bf4 00000024 T __floatunsidf
00100c18 00000028 T __aeabi_i2d
00100c18 00000028 T __floatsidf
00100c40 00000048 T __aeabi_f2d
00100c40 00000048 T __extendsfdf2
00100c88 00000074 T __aeabi_ul2d
00100c88 00000074 T __floatundidf
00100c9c 00000060 T __aeabi_l2d
00100c9c 00000060 T __floatdidf
00100cfc t deregister_tm_clones
00100d28 t register_tm_clones
00100d60 t __do_global_dtors_aux
00100da4 t frame_dummy
00100dd8 000000c0 T main
00100e98 000001b8 T consoleDrawChar
00101050 00000124 T consolePrintChar
00101174 0000015c t consoleCls
001012d0 00000104 T consoleInit
001013d4 0000010c t consoleClearLine
001014e0 000000c4 t newRow
001015a4 000007cc T con_write
00101d70 0000008c t gfxSetFramebufferInfo.part.0
00101dfc 0000006c t gfxSetFramebufferInfo
00101e68 00000058 t gfxGetFramebuffer.part.0
00101ec0 00000018 T __get_bytes_per_pixel
00101ed8 00000184 T gfxSetScreenFormat
0010205c 00000010 T gfxSetDoubleBuffering
0010206c 00000214 T gfxInit
00102280 00000010 T gfxInitDefault
00102290 000000e0 T gfxExit
00102370 00000064 T gfxGetFramebuffer
001023d4 000000cc T gfxFlushBuffers
001024a0 000000f4 T gfxConfigScreen
00102594 00000020 T gfxSwapBuffers
001025b4 00000020 T gfxSwapBuffersGpu
001025d4 00000074 T gspInit
00102648 0000003c T gspExit
00102684 000000a4 T gspInitEventHandler
00102728 00000040 T gspExitEventHandler
00102768 00000050 T gspWaitForEvent
001027b8 00000004 W gxCmdQueueInterrupt
001027bc 00000178 t gspEventThreadMain
00102934 0000006c T GSPGPU_SetBufferSwap
001029a0 0000004c T GSPGPU_FlushDataCache
001029ec 00000034 T GSPGPU_SetLcdForceBlack
00102a20 00000064 T GSPGPU_RegisterInterruptRelayQueue
00102a84 0000002c T GSPGPU_UnregisterInterruptRelayQueue
00102ab0 00000048 T GSPGPU_AcquireRight
00102af8 0000002c T GSPGPU_ReleaseRight
00102b24 00000080 T GSPGPU_ImportDisplayCaptureInfo
00102ba4 0000002c T GSPGPU_SaveVramSysArea
00102bd0 0000002c T GSPGPU_RestoreVramSysArea
00102bfc 00000004 W _aptDebug
00102c00 00000170 T aptSendCommand
00102d70 0000003c t aptExitProcess
00102dac 00000050 T APT_InquireNotification
00102dfc 00000194 t aptEventHandler
00102f90 00000074 T APT_AppletUtility
00103004 000000b0 T aptSetSleepAllowed
001030b4 000000b4 T APT_GlanceParameter
00103168 000000c8 T APT_ReceiveParameter
00103230 000000bc t aptReceiveParameter.constprop.0
001032f0 000001e0 t aptScreenTransfer
001034d0 00000210 t aptWaitForWakeUp
001036e0 00000070 T APT_CancelParameter
00103750 0000025c T aptInit
001039ac 00000088 t aptClearParamQueue
00103a34 00000264 T aptMainLoop
00103c98 00000254 T aptExit
00103eec 0000007c T APT_CheckNew3DS
00103f68 00000028 t hidCheckSectionUpdateTime.part.0
00103f90 000000d0 T hidExit
00104060 000001d8 T hidScanInput
00104238 00000010 T hidKeysHeld
00104248 00000010 T hidKeysDown
00104258 00000018 T hidTouchRead
00104270 00000090 T HIDUSER_GetHandles
00104300 000001a4 T hidInit
001044a4 00000038 W __libctru_init
001044dc 00000034 t __libctru_nanosleep
00104510 00000030 t __ctru_get_reent
00104540 000000fc T __system_initSyscalls
0010463c 00000100 W __system_allocateHeaps
0010473c 000000f0 T __system_initArgv
0010482c T svcControlMemory
0010484c T svcExitProcess
00104854 T svcCreateThread
00104874 T svcExitThread
0010487c T svcSleepThread
00104884 T svcReleaseMutex
0010488c T svcCreateEvent
001048a0 T svcSignalEvent
001048a8 T svcClearEvent
001048b0 T svcMapMemoryBlock
001048b8 T svcUnmapMemoryBlock
001048c0 T svcCreateAddressArbiter
001048d4 T svcArbitrateAddress
001048ec T svcCloseHandle
001048f4 T svcWaitSynchronization
001048fc T svcWaitSynchronizationN
00104924 T svcDuplicateHandle
00104938 T svcGetSystemTick
00104940 T svcGetSystemInfo
00104958 T svcConnectToPort
0010496c T svcSendSyncRequest
00104974 T svcBreak
0010497c 00000024 t addrMapNodeComparator(rbtree_node const*, rbtree_node const*)
001049a0 00000004 t addrMapNodeDestructor(rbtree_node*)
001049a4 00000114 T vramMemAlign
00104ab8 00000008 T vramAlloc
00104ac0 00000054 T vramFree
00104b14 00000024 t addrMapNodeComparator(rbtree_node const*, rbtree_node const*)
00104b38 00000004 t addrMapNodeDestructor(rbtree_node*)
00104b3c 000000e8 T mappableAlloc
00104c24 00000054 T mappableFree
00104c78 00000024 t addrMapNodeComparator(rbtree_node const*, rbtree_node const*)
00104c9c 00000004 t addrMapNodeDestructor(rbtree_node*)
00104ca0 00000124 T linearMemAlign
00104dc4 00000008 T linearAlloc
00104dcc 00000054 T linearFree
00104e20 0000008c T MemPool::CoalesceRight(MemBlock*)
00104eac 00000174 T MemPool::Allocate(MemChunk&, unsigned long, int)
00105020 000000fc T MemPool::Deallocate(MemChunk const&)
0010511c 00000038 t LightLock_Unlock.part.0
00105154 0000000c T __sync_init
00105160 00000018 T __sync_fini
00105178 00000010 T __sync_get_arbiter
00105188 00000018 T LightLock_Init
001051a0 00000090 T LightLock_Lock
00105230 00000034 T LightLock_TryLock
00105264 00000020 T LightLock_Unlock
00105284 00000024 T RecursiveLock_Init
001052a8 00000030 T RecursiveLock_Lock
001052d8 00000058 T RecursiveLock_TryLock
00105330 00000038 T RecursiveLock_Unlock
00105368 00000038 T LightEvent_Init
001053a0 0000007c T LightEvent_Clear
0010541c 000000dc T LightEvent_Signal
001054f8 000000c0 T LightEvent_Wait
001055b8 00000058 t getSysTime
00105610 00000028 t __ctru_speedup_config.part.0
00105638 00000024 T osGetMemRegionUsed
00105660 00000128 T __libctru_gtod
00105788 00000018 T __ctru_speedup_config
001057a0 00000058 T srvExit
001057f8 00000038 T srvRegisterClient
00105830 000000cc T srvInit
001058fc 00000080 T srvGetServiceHandleDirect
0010597c 00000048 T srvGetServiceHandle
001059c4 0000001c t threadFree.part.0
001059e0 00000180 T threadCreate
00105b60 00000024 T threadJoin
00105b84 00000068 T threadExit
00105bec 00000048 t _thread_begin
00105c34 000000ac T irrstScanInput
00105ce0 00000024 T irrstKeysHeld
00105d04 00000050 T IRRST_GetHandles
00105d54 00000154 T irrstInit
00105ea8 0000002c T IRRST_Shutdown
00105ed4 000000ac T irrstExit
00105f80 0000000c T srvPmGetSessionHandle
00105f8c 00000074 T ptmSysmInit
00106000 0000003c T ptmSysmExit
0010603c 00000034 T PTMSYSM_ConfigureNew3DSCPU
00106070 00000014 T rbtree_init
00106084 000001a4 t do_insert
00106228 00000008 T rbtree_insert
00106230 00000090 T rbtree_rotate
001062c0 00000334 T rbtree_remove
001065f4 00000074 T rbtree_find
00106668 0000001c W __appInit
00106684 0000001c W __appExit
001066a0 000000a0 W __libctru_exit
00106740 00000084 T envGetHandle
001067c4 0000004c T envDestroyHandles
00106810 00000014 t sdmc_link
00106824 00000014 t sdmc_dirreset
00106838 00000014 t sdmc_chmod
0010684c 00000024 t error_cmp
00106870 00000050 t sdmc_translate_error
001068c0 00000034 t sdmc_fsync
001068f4 00000054 t sdmc_ftruncate
00106948 000000bc t sdmc_statvfs
00106a04 00000038 t sdmc_dirclose
00106a3c 0000013c t sdmc_dirnext
00106b78 00000034 t sdmc_close
00106bac 00000070 t sdmc_fstat
00106c1c 000000d4 t sdmc_seek
00106cf0 00000078 t sdmc_read
00106d68 000000ac t sdmc_write
00106e14 000001b0 t sdmc_utf16path
00106fc4 00000074 t sdmc_rmdir
00107038 000000a4 t sdmc_diropen
001070dc 000000ac t sdmc_chdir
00107188 00000098 t sdmc_mkdir
00107220 00000108 t sdmc_rename
00107328 00000074 t sdmc_unlink
0010739c 00000108 t sdmc_stat
001074a4 00000198 t sdmc_open
0010763c 00000014 t sdmc_fchmod
00107650 00000168 T sdmcInit
001077b8 00000060 T sdmcExit
00107818 00000028 t fsSessionForArchive.part.0
00107840 000000c4 T fsInit
00107904 0000003c T fsExit
00107940 00000064 T fsExemptFromSession
001079a4 0000005c T fsUnexemptFromSession
00107a00 000000bc T FSUSER_OpenFile
00107abc 000000ac T FSUSER_DeleteFile
00107b68 000000e8 T FSUSER_RenameFile
00107c50 000000ac T FSUSER_DeleteDirectory
00107cfc 000000c4 T FSUSER_CreateFile
00107dc0 000000b4 T FSUSER_CreateDirectory
00107e74 000000e8 T FSUSER_RenameDirectory
00107f5c 000000a0 T FSUSER_OpenDirectory
00107ffc 00000098 T FSUSER_OpenArchive
00108094 00000078 T FSUSER_CloseArchive
0010810c 00000078 T FSUSER_GetSdmcArchiveResource
00108184 00000064 T FSUSER_IsSdmcWritable
001081e8 0000005c T FSFILE_Read
00108244 00000064 T FSFILE_Write
001082a8 00000038 T FSFILE_GetSize
001082e0 00000028 T FSFILE_SetSize
00108308 0000003c T FSFILE_Close
00108344 00000024 T FSFILE_Flush
00108368 00000054 T FSDIR_Read
001083bc 0000003c T FSDIR_Close
001083f8 00000050 T rbtree_node_next
00108448 000000e8 T utf16_to_utf8
00108530 00000060 T decode_utf16
00108590 00000138 T decode_utf8
001086c8 000000c0 T utf8_to_utf16
00108788 T __aeabi_read_tp
00108794 00000068 T encode_utf16
001087fc 00000104 T encode_utf8
00108900 00000038 T __aeabi_d2lz
00108900 00000038 T __fixdfdi
00108938 00000040 T __aeabi_d2ulz
00108938 00000040 T __fixunsdfdi
00108978 00000130 T __udivmoddi4
00108aa8 0000007c T bsearch
00108b24 00000034 T exit
00108b58 0000003c T __libc_fini_array
00108b94 0000007c T __libc_init_array
00108c10 00000028 T memalign
00108c38 0000014c T _memalign_r
00108d84 00000020 T malloc
00108da4 00000020 T free
00108dc4 000007d0 T _malloc_r
00109594 000000e0 T memchr
00109674 00000120 T memcpy
00109794 00000118 T memset
001098ac 0000000c T __malloc_lock
001098b8 0000000c T __malloc_unlock
001098c4 00000034 T printf
001098f8 00000260 T setvbuf
00109b58 00000074 T sscanf
00109bcc 0000003c T __sread
00109c08 00000008 T __seofread
00109c10 00000068 T __swrite
00109c78 00000058 T __sseek
00109cd0 00000008 T __sclose
00109cd8 0000005c T strlen
00109d34 00000098 T strncat
00109dcc 000000c0 T strncpy
00109e8c 00000048 T strnlen
00109ed4 00000048 t get_arg
00109f1c 00002b84 T __ssvfscanf_r
0010caa0 00000034 T __sprint_r
0010cad4 00000650 t get_arg
0010d128 000038e0 T _vfprintf_r
00110a08 000000d4 t __sbprintf
00110adc 00000054 T _wcrtomb_r
00110b30 00000020 T _wcsrtombs_r
00110b50 00000150 T __swsetup_r
00110ca0 00000118 T __call_exitprocs
00110db8 000001a8 t quorem
00110f60 000012ac T _dtoa_r
0011220c 00000278 T __sflush_r
00112484 00000094 T _fflush_r
00112518 00000078 t std
00112590 0000000c T _cleanup_r
0011259c 0000008c T __sinit
00112628 0000000c T __sfp_lock_acquire
00112634 0000000c T __sfp_lock_release
00112640 000000f8 T _malloc_trim_r
00112738 000002e8 T _free_r
00112a20 000004a4 T __sfvwrite_r
00112ec4 00000070 T _fwalk_reent
00112f34 00000008 T iswspace
00112f3c 0000000c T _localeconv_r
00112f48 00000010 T __locale_mb_cur_max
00112f58 00000094 T __swhatbuf_r
00112fec 000000f8 T __smakebuf_r
001130e4 00000060 T _mbrtowc_r
00113144 000002fc T __utf8_mbtowc
00113440 00000154 T memmove
00113594 00000088 T _Balloc
0011361c 0000001c T _Bfree
00113638 000000d0 T __multadd
00113708 000000ec T __s2b
001137f4 00000058 T __hi0bits
0011384c 0000009c T __lo0bits
001138e8 00000020 T __i2b
00113908 000001e0 T __multiply
00113ae8 00000100 T __pow5mult
00113be8 00000114 T __lshift
00113cfc 00000058 T __mcmp
00113d54 00000190 T __mdiff
00113ee4 00000088 T __ulp
00113f6c 000000d4 T __b2d
00114040 00000104 T __d2b
00114144 00000084 T __ratio
001141c8 0000006c T __copybits
00114234 0000005c T __any_on
00114290 00000028 T realloc
001142b8 000004bc T _realloc_r
00114774 000000e8 T __sccl
0011485c 0000000c T nanf
00114868 000000a8 T frexp
00114910 00000064 T sprintf
00114974 000000b8 T stpncpy
00114a2c 00000144 T strchr
00114b70 000000ec T strncmp
00114c5c 00000054 t sulp
00114cb0 00001414 T _strtod_l
001160c4 0000000c T _strtod_r
001160d0 0000023c t _strtoll_l.isra.0
0011630c 00000004 T _strtoll_r
00116310 000001b4 t _strtol_l.isra.0
001164c4 00000004 T _strtol_r
001164c8 0000024c t _strtoull_l.isra.0
00116714 00000004 T _strtoull_r
00116718 000001c8 t _strtoul_l.isra.0
001168e0 00000004 T _strtoul_r
001168e4 00000188 T __ssprint_r
00116a6c 000000e0 T _sungetc_r
00116b4c 0000006c T __ssrefill_r
00116bb8 000000c8 T _sfread_r
00116c80 00000650 t get_arg
001172d0 00003814 T _svfprintf_r
0011aae4 000000a8 T __submore
0011ab8c 00000190 T _wcsnrtombs_l
0011ad1c 00000048 T _wcsnrtombs_r
0011ad64 000000f0 T __utf8_wctomb
0011ae54 00000094 T _calloc_r
0011aee8 00000160 T _fclose_r
0011b048 000000ec t rshift
0011b134 00000828 T __gethex
0011b95c 00000060 T __match
0011b9bc 0000028c T __hexnan
0011bc48 0000003c T iswspace_l
0011bc84 000001e0 t __jp2uc
0011be64 00000094 T _jp2uc_l
0011bef8 00000010 T nan
0011bf08 00000088 T category
0011bf90 00000008 t null_write
0011bf98 00000018 T setDefaultDevice
0011bfb0 000000c8 T FindDevice
0011c078 00000028 T RemoveDevice
0011c0a0 0000009c T AddDevice
0011c13c 00000078 T _fstat_r
0011c1b4 00000008 T _isatty_r
0011c1bc 00000084 T _lseek_r
0011c240 00000080 T _read_r
0011c2c0 00000078 T _sbrk_r
0011c338 00000080 T _write_r
0011c3b8 00000024 T _exit
0011c3dc 000001bc T _concatenate_path
0011c598 0000015c T chdir
0011c6f4 00000008 T __flockfile
0011c6fc 00000008 T __funlockfile
0011c704 00000018 T __libc_lock_acquire
0011c71c 00000018 T __libc_lock_release
0011c734 00000018 T __libc_lock_init_recursive
0011c74c 00000018 T __libc_lock_acquire_recursive
0011c764 00000018 T __libc_lock_release_recursive
0011c77c 00000018 T __libc_lock_close_recursive
0011c794 0000003c T __get_handle
0011c7d0 000000f8 T _close_r
0011c8c8 00000028 T __getreent
0011c8f0 00000044 T strrchr
0011c934 T _fini
0011d000 R default_font_bin
0011d800 R default_font_bin_end
0011d800 R default_font_bin_size
0011d8fc 00000030 r colorTable
0011d92c 00000070 r dotab_stdout
0011d99c 00000014 r CSWTCH.62
0011d9b0 00000008 r framebufferInfoSt
0011da20 00000030 r error_table
0011da58 00000004 R _global_impure_ptr
0011da64 00000022 r basefix.8820
0011dac4 00000010 r blanks.8791
0011dad4 00000010 r zeroes.8792
0011dae4 00000101 R _ctype_
0011dbf8 r .LC2
0011dc48 00000028 R __mprec_bigtens
0011dc70 000000c8 R __mprec_tens
0011dd38 0000000c r p05.7510
0011dd54 00000014 r fpi.7590
0011dd68 00000014 r fpinan.7626
0011dd80 00000028 r tinytens
0011dda8 0000006c R __action_table
0011de14 00000100 R __chclass
0011df14 0000006c R __state_table
0011df80 00000010 r blanks.8776
0011df90 00000010 r zeroes.8777
0011dfa0 00000100 R __hexdig
0011e0b4 000000bc r a1
0011e170 000000bc r a2
0011e22c 0000005b r a3
0011e288 00000070 r a6
0011e2f8 000000a2 r a7
0011e39c 00000040 r a8
0011e3dc 0000172a r b02cf
0011fb08 00001a7c r d02f4
00121584 0000000c R _C_numeric_locale
00121590 0000309c r categories
00124634 00000070 R dotab_stdnull
001246a4 r 
001246a4 R __exidx_end
001246a4 R __exidx_start
00125000 W __stacksize__
00125004 00000004 D currentConsole
00125008 0000004c D defaultConsole
00125054 00000001 d firstConsoleInit.8429
00125055 00000001 d botFormat
00125058 00000008 d doubleBuf
00125060 00000001 d topFormat
00125064 00000004 d gspLastEvent
00125068 00000004 d aptFlags
0012506c 00000001 d aptHomeAllowed
00125070 00000004 V __ctru_linear_heap_size
00125074 00000401 d __cwd
00125478 00000070 d sdmc_devoptab
001254e8 00000004 D _impure_ptr
001254f0 00000460 d impure_data
00125950 00000408 D __malloc_av_
00125d58 00000004 D __malloc_sbrk_base
00125d5c 00000004 D __malloc_trim_threshold
00125d60 0000000c d __malloc_recursive_mutex
00125d6c 0000000c D __atexit_recursive_mutex
00125d78 0000000c d __sfp_recursive_mutex
00125d84 0000000c d __sinit_recursive_mutex
00125d90 0000016c D __global_locale
00125efc 00000002 d numempty
00125f00 00000004 d defaultDevice
00125f04 0000008c D devoptab_list
00125f90 00000400 d _current_working_directory
00126390 00000004 d __hndl_lock
00126394 0000000c d __stderr_handle
001263a0 0000000c d __stdin_handle
001263ac 0000000c d __stdout_handle
001263b8 00001000 d handles
001273b8 t __frame_dummy_init_array_entry
001273b8 T __init_array_start
001273b8 B __preinit_array_end
001273b8 B __preinit_array_start
001273b8 D __tdata_lma
001273b8 D __tdata_lma_end
001273b8 D __TMC_END__
001273b8 d __TMC_LIST__
001273bc t __do_global_dtors_aux_fini_array_entry
001273bc T __fini_array_start
001273bc T __init_array_end
001273c0 T __bss_start__
001273c0 T __fini_array_end
001273c0 b saved_stack
001273c8 b completed.10434
001273cc b object.10439
001273e4 00000002 b currentBuffer
001273e6 00000001 b enable3d
001273e8 00000004 b screenAlloc
001273ec 00000004 b screenFree
001273f0 00000004 b gspEvent
001273f4 0000001c b gspEventCb
00127410 0000001c b gspEventCbData
0012742c 00000007 b gspEventCbOneShot
00127434 0000001c b gspEventCounts
00127450 00000004 b gspEventData
00127454 00000004 b gspEventThread
00127458 00000038 b gspEvents
00127490 00000004 b gspRefCount
00127494 00000001 b gspRunEvents
00127495 00000001 b aptChainloadMediatype
00127498 00000008 b aptChainloadTid
001274a0 00000004 b aptEventHandlerThread
001274a4 0000000c b aptEvents
001274b0 0000000c b aptFirstHook
001274bc 00000001 b aptHomeButtonState
001274c0 00000004 b aptLockHandle
001274c4 00000004 b aptMessageFunc
001274c8 00000004 b aptMessageFuncData
001274cc 00001000 b aptParameters
001284cc 00000001 b aptRecentHomeButtonState
001284d0 00000004 b aptRefCount
001284d4 00000008 b aptSleepEvent
001284dc 00000001 b flagInit.8300
001284dd 00000001 b flagValue.8301
001284e0 00000004 b serviceName.7930
001284e4 00000006 b aVec
001284ec 00000004 b cPos
001284f0 00000006 b gRate
001284f8 00000004 b hidRefCount
001284fc 00000004 b kDown
00128500 00000004 b kHeld
00128504 00000004 b kOld
00128508 00000004 b kUp
0012850c 00000004 b tPos
00128510 00000004 V __ctru_heap_size
00128514 0000000c b sAddrMap
00128520 00000008 b sVramPool
00128528 00000008 b sMappablePool
00128530 0000000c b sAddrMap
0012853c 00000008 b sLinearPool
00128544 0000000c b sAddrMap
00128550 00000004 b arbiter
00128554 00000001 V __ctru_speedup
00128558 00000004 b srvHandle
0012855c 00000004 b srvRefCount
00128560 00000004 b csPos
00128564 00000004 b irrstRefCount
00128568 00000004 b kHeld
0012856c 00000004 b srvPmHandle
00128570 00000004 b ptmSysmHandle
00128574 00000004 b ptmSysmRefCount
00128578 00000008 b sdmcArchive
00128580 00000001 b sdmcInitialised
00128588 00000080 b fsExemptArchives
00128608 00000004 b fsuHandle
0012860c 00000004 b fsuRefCount
00128610 00000028 B __malloc_current_mallinfo
00128638 00000004 B __malloc_max_sbrked_mem
0012863c 00000004 B __malloc_max_total_mem
00128640 00000004 B __malloc_top_pad
00128644 00000004 b heap_start.7420
00128648 00000004 B fake_heap_end
0012864c 00000004 B fake_heap_start
00128650 00000400 b temp_cwd
00128a50 00000048 B __syscalls
00128a98 0000004c B currentCopy
00128ae4 00000008 B gfxBottomFramebuffers
00128aec 00000004 B gspSharedMemHandle
00128af0 0000001c B bottomFramebufferInfo
00128b0c 00000004 B gspEvent
00128b10 00000008 B gfxTopLeftFramebuffers
00128b18 00000008 B gfxTopRightFramebuffers
00128b20 0000001c B topFramebufferInfo
00128b3c 00000001 B gfxThreadID
00128b40 00000004 B gfxSharedMemory
00128b44 00000004 B gfxTopFramebufferMaxSize
00128b48 00000004 B gfxBottomFramebufferMaxSize
00128b4c 00000004 B gxCmdBuf
00128b50 00000004 B gspGpuHandle
00128b54 00000004 B hidMemHandle
00128b58 00000004 B hidHandle
00128b5c 00000004 B hidSharedMem
00128b60 00000014 B hidEvents
00128b74 00000004 B __system_retAddr
00128b78 00000004 B __ctru_linear_heap
00128b7c 00000004 B __ctru_heap
00128b80 00000004 B __system_argv
00128b84 00000004 B __system_argc
00128b88 00000004 B irrstHandle
00128b8c 00000004 B irrstEvent
00128b90 00000004 B irrstMemHandle
00128b94 00000004 B irrstSharedMem
00128b98 B __tls_start
00129fa4 B __bss_end__
00129fa4 A __end__
00129fa4 B __tls_end
